<?xml version="1.0" encoding="UTF-8"?>
<testng-results ignored="0" total="2" passed="1" failed="1" skipped="0">
  <reporter-output>
  </reporter-output>
  <suite started-at="2023-01-11T13:02:25 IST" name="Default suite" finished-at="2023-01-11T13:03:23 IST" duration-ms="57858">
    <groups>
    </groups>
    <test started-at="2023-01-11T13:02:25 IST" name="Default test" finished-at="2023-01-11T13:03:23 IST" duration-ms="57858">
      <class name="TestClass.TestClass">
        <test-method is-config="true" signature="openBrowser()[pri:0, instance:TestClass.TestClass@5562c41e]" started-at="2023-01-11T13:02:25 IST" name="openBrowser" finished-at="2023-01-11T13:03:19 IST" duration-ms="54375" status="PASS">
          <reporter-output>
          </reporter-output>
        </test-method> <!-- openBrowser -->
        <test-method is-config="true" signature="loginToApp()[pri:0, instance:TestClass.TestClass@5562c41e]" started-at="2023-01-11T13:03:19 IST" name="loginToApp" finished-at="2023-01-11T13:03:19 IST" duration-ms="38" status="PASS">
          <reporter-output>
          </reporter-output>
        </test-method> <!-- loginToApp -->
        <test-method signature="HomePage()[pri:0, instance:TestClass.TestClass@5562c41e]" started-at="2023-01-11T13:03:19 IST" name="HomePage" finished-at="2023-01-11T13:03:20 IST" duration-ms="187" status="PASS">
          <reporter-output>
          </reporter-output>
        </test-method> <!-- HomePage -->
        <test-method is-config="true" signature="logoutFromApp()[pri:0, instance:TestClass.TestClass@5562c41e]" started-at="2023-01-11T13:03:20 IST" name="logoutFromApp" finished-at="2023-01-11T13:03:20 IST" duration-ms="0" status="PASS">
          <reporter-output>
          </reporter-output>
        </test-method> <!-- logoutFromApp -->
        <test-method is-config="true" signature="loginToApp()[pri:0, instance:TestClass.TestClass@5562c41e]" started-at="2023-01-11T13:03:20 IST" name="loginToApp" finished-at="2023-01-11T13:03:20 IST" duration-ms="2" status="PASS">
          <reporter-output>
          </reporter-output>
        </test-method> <!-- loginToApp -->
        <test-method signature="HomePage1()[pri:0, instance:TestClass.TestClass@5562c41e]" started-at="2023-01-11T13:03:20 IST" name="HomePage1" finished-at="2023-01-11T13:03:23 IST" duration-ms="3160" status="FAIL">
          <exception class="java.lang.NullPointerException">
            <message>
              <![CDATA[Cannot invoke "org.openqa.selenium.WebDriver.getWindowHandle()" because "this.driver" is null]]>
            </message>
            <full-stacktrace>
              <![CDATA[java.lang.NullPointerException: Cannot invoke "org.openqa.selenium.WebDriver.getWindowHandle()" because "this.driver" is null
at POMClass.Home_Page.Addtocart(Home_Page.java:56)
at TestClass.TestClass.HomePage1(TestClass.java:53)
at java.base/jdk.internal.reflect.DirectMethodHandleAccessor.invoke(DirectMethodHandleAccessor.java:104)
at java.base/java.lang.reflect.Method.invoke(Method.java:578)
at org.testng.internal.MethodInvocationHelper.invokeMethod(MethodInvocationHelper.java:133)
at org.testng.internal.TestInvoker.invokeMethod(TestInvoker.java:598)
at org.testng.internal.TestInvoker.invokeTestMethod(TestInvoker.java:173)
at org.testng.internal.MethodRunner.runInSequence(MethodRunner.java:46)
at org.testng.internal.TestInvoker$MethodInvocationAgent.invoke(TestInvoker.java:824)
at org.testng.internal.TestInvoker.invokeTestMethods(TestInvoker.java:146)
at org.testng.internal.TestMethodWorker.invokeTestMethods(TestMethodWorker.java:146)
at org.testng.internal.TestMethodWorker.run(TestMethodWorker.java:128)
at java.base/java.util.ArrayList.forEach(ArrayList.java:1511)
at org.testng.TestRunner.privateRun(TestRunner.java:794)
at org.testng.TestRunner.run(TestRunner.java:596)
at org.testng.SuiteRunner.runTest(SuiteRunner.java:377)
at org.testng.SuiteRunner.runSequentially(SuiteRunner.java:371)
at org.testng.SuiteRunner.privateRun(SuiteRunner.java:332)
at org.testng.SuiteRunner.run(SuiteRunner.java:276)
at org.testng.SuiteRunnerWorker.runSuite(SuiteRunnerWorker.java:53)
at org.testng.SuiteRunnerWorker.run(SuiteRunnerWorker.java:96)
at org.testng.TestNG.runSuitesSequentially(TestNG.java:1212)
at org.testng.TestNG.runSuitesLocally(TestNG.java:1134)
at org.testng.TestNG.runSuites(TestNG.java:1063)
at org.testng.TestNG.run(TestNG.java:1031)
at org.testng.remote.AbstractRemoteTestNG.run(AbstractRemoteTestNG.java:115)
at org.testng.remote.RemoteTestNG.initAndRun(RemoteTestNG.java:251)
at org.testng.remote.RemoteTestNG.main(RemoteTestNG.java:77)
]]>
            </full-stacktrace>
          </exception> <!-- java.lang.NullPointerException -->
          <reporter-output>
          </reporter-output>
        </test-method> <!-- HomePage1 -->
        <test-method is-config="true" signature="logoutFromApp()[pri:0, instance:TestClass.TestClass@5562c41e]" started-at="2023-01-11T13:03:23 IST" name="logoutFromApp" finished-at="2023-01-11T13:03:23 IST" duration-ms="1" status="PASS">
          <reporter-output>
          </reporter-output>
        </test-method> <!-- logoutFromApp -->
      </class> <!-- TestClass.TestClass -->
    </test> <!-- Default test -->
  </suite> <!-- Default suite -->
</testng-results>
